Using pre-set license
Built from '6000.0/staging' branch; Version is '6000.0.30f1 (62b05ba0686a) revision 6467675'; Using compiler version '193933523'; Build Type 'Release'
OS: 'Windows 11  (10.0.22631) 64bit CoreCountrySpecific' Language: 'zh' Physical Memory: 31961 MB
BatchMode: 1, IsHumanControllingUs: 0, StartBugReporterOnCrash: 0, Is64bit: 1, IsPro: 1

COMMAND LINE ARGUMENTS:
D:\Program Files\6000.0.30f1\Editor\Unity.exe
-adb2
-batchMode
-noUpm
-name
AssetImportWorker3
-projectPath
D:/2019-2023/2024/Game dev/415 final
-logFile
Logs/AssetImportWorker3.log
-srvPort
55011
-job-worker-count
7
-background-job-worker-count
8
-asset-garbage-collectors
1
Successfully changed project path to: D:/2019-2023/2024/Game dev/415 final
D:/2019-2023/2024/Game dev/415 final
[UnityMemory] Configuration Parameters - Can be set up in boot.config
    "memorysetup-bucket-allocator-granularity=16"
    "memorysetup-bucket-allocator-bucket-count=8"
    "memorysetup-bucket-allocator-block-size=33554432"
    "memorysetup-bucket-allocator-block-count=8"
    "memorysetup-main-allocator-block-size=16777216"
    "memorysetup-thread-allocator-block-size=16777216"
    "memorysetup-gfx-main-allocator-block-size=16777216"
    "memorysetup-gfx-thread-allocator-block-size=16777216"
    "memorysetup-cache-allocator-block-size=4194304"
    "memorysetup-typetree-allocator-block-size=2097152"
    "memorysetup-profiler-bucket-allocator-granularity=16"
    "memorysetup-profiler-bucket-allocator-bucket-count=8"
    "memorysetup-profiler-bucket-allocator-block-size=33554432"
    "memorysetup-profiler-bucket-allocator-block-count=8"
    "memorysetup-profiler-allocator-block-size=16777216"
    "memorysetup-profiler-editor-allocator-block-size=1048576"
    "memorysetup-temp-allocator-size-main=16777216"
    "memorysetup-job-temp-allocator-block-size=2097152"
    "memorysetup-job-temp-allocator-block-size-background=1048576"
    "memorysetup-job-temp-allocator-reduction-small-platforms=262144"
    "memorysetup-allocator-temp-initial-block-size-main=262144"
    "memorysetup-allocator-temp-initial-block-size-worker=262144"
    "memorysetup-temp-allocator-size-background-worker=32768"
    "memorysetup-temp-allocator-size-job-worker=262144"
    "memorysetup-temp-allocator-size-preload-manager=33554432"
    "memorysetup-temp-allocator-size-nav-mesh-worker=65536"
    "memorysetup-temp-allocator-size-audio-worker=65536"
    "memorysetup-temp-allocator-size-cloud-worker=32768"
    "memorysetup-temp-allocator-size-gi-baking-worker=262144"
    "memorysetup-temp-allocator-size-gi-baking-worker=262144"
    "memorysetup-temp-allocator-size-gi-baking-worker=262144"
    "memorysetup-temp-allocator-size-gi-baking-worker=262144"
    "memorysetup-temp-allocator-size-gi-baking-worker=262144"
    "memorysetup-temp-allocator-size-gfx=262144"
Player connection [58212]  Target information:

Player connection [58212]  * "[IP] 192.168.86.37 [Port] 0 [Flags] 2 [Guid] 3287487393 [EditorId] 3287487393 [Version] 1048832 [Id] WindowsEditor(7,DESKTOP-UN1ULIC) [Debug] 1 [PackageName] WindowsEditor [ProjectName] Editor" 

Player connection [58212] Host joined multi-casting on [225.0.0.222:54997]...
Player connection [58212] Host joined alternative multi-casting on [225.0.0.222:34997]...
JobSystem: Creating JobQueue using job-worker-count value 7
[Physics::Module] Initialized fallback backend.
[Physics::Module] Id: 0xdecafbad
Library Redirect Path: Library/
[Physics::Module] Selected backend.
[Physics::Module] Name: PhysX
[Physics::Module] Id: 0xf2b8ea05
[Physics::Module] SDK Version: 4.1.2
[Physics::Module] Integration Version: 1.0.0
[Physics::Module] Threading Mode: Multi-Threaded
Refreshing native plugins compatible for Editor in 3.79 ms, found 10 plugins.
Preloading 1 native plugins for Editor in 0.96 ms.
Initialize engine version: 6000.0.30f1 (62b05ba0686a)
[Subsystems] Discovering subsystems at path D:/Program Files/6000.0.30f1/Editor/Data/Resources/UnitySubsystems
[Subsystems] Discovering subsystems at path D:/2019-2023/2024/Game dev/415 final/Assets
GfxDevice: creating device client; kGfxThreadingModeNonThreaded
Direct3D:
    Version:  Direct3D 11.0 [level 11.1]
    Renderer: NVIDIA GeForce RTX 4080 SUPER (ID=0x2702)
    Vendor:   NVIDIA
    VRAM:     16047 MB
    Driver:   32.0.15.6614
Initialize mono
Mono path[0] = 'D:/Program Files/6000.0.30f1/Editor/Data/Managed'
Mono path[1] = 'D:/Program Files/6000.0.30f1/Editor/Data/MonoBleedingEdge/lib/mono/unityjit-win32'
Mono config path = 'D:/Program Files/6000.0.30f1/Editor/Data/MonoBleedingEdge/etc'
Using monoOptions --debugger-agent=transport=dt_socket,embedding=1,server=y,suspend=n,address=127.0.0.1:56940
Begin MonoManager ReloadAssembly
Registering precompiled unity dll's ...
Register platform support module: D:/Program Files/6000.0.30f1/Editor/Data/PlaybackEngines/WebGLSupport/UnityEditor.WebGL.Extensions.dll
Register platform support module: D:/Program Files/6000.0.30f1/Editor/Data/PlaybackEngines/WindowsStandaloneSupport/UnityEditor.WindowsStandalone.Extensions.dll
Registered in 0.001912 seconds.
- Loaded All Assemblies, in  0.224 seconds
Native extension for WindowsStandalone target not found
Native extension for WebGL target not found
Mono: successfully reloaded assembly
- Finished resetting the current domain, in  0.173 seconds
Domain Reload Profiling: 396ms
	BeginReloadAssembly (78ms)
		ExecutionOrderSort (0ms)
		DisableScriptedObjects (0ms)
		BackupInstance (0ms)
		ReleaseScriptingObjects (0ms)
		CreateAndSetChildDomain (0ms)
	RebuildCommonClasses (21ms)
	RebuildNativeTypeToScriptingClass (6ms)
	initialDomainReloadingComplete (26ms)
	LoadAllAssembliesAndSetupDomain (91ms)
		LoadAssemblies (77ms)
		RebuildTransferFunctionScriptingTraits (0ms)
		AnalyzeDomain (89ms)
			TypeCache.Refresh (88ms)
				TypeCache.ScanAssembly (80ms)
			BuildScriptInfoCaches (0ms)
			ResolveRequiredComponents (0ms)
	FinalizeReload (173ms)
		ReleaseScriptCaches (0ms)
		RebuildScriptCaches (0ms)
		SetupLoadedEditorAssemblies (147ms)
			LogAssemblyErrors (0ms)
			InitializePlatformSupportModulesInManaged (15ms)
			SetLoadedEditorAssemblies (3ms)
			BeforeProcessingInitializeOnLoad (28ms)
			ProcessInitializeOnLoadAttributes (76ms)
			ProcessInitializeOnLoadMethodAttributes (25ms)
			AfterProcessingInitializeOnLoad (0ms)
			EditorAssembliesLoaded (0ms)
		ExecutionOrderSort2 (0ms)
		AwakeInstancesAfterBackupRestoration (0ms)
========================================================================
Worker process is ready to serve import requests
Import Worker Mode flag is 0x00
Begin MonoManager ReloadAssembly
- Loaded All Assemblies, in  0.529 seconds
Refreshing native plugins compatible for Editor in 2.56 ms, found 10 plugins.
Native extension for WindowsStandalone target not found
Native extension for WebGL target not found
Mono: successfully reloaded assembly
- Finished resetting the current domain, in  0.559 seconds
Domain Reload Profiling: 2222ms
	BeginReloadAssembly (102ms)
		ExecutionOrderSort (0ms)
		DisableScriptedObjects (3ms)
		BackupInstance (0ms)
		ReleaseScriptingObjects (0ms)
		CreateAndSetChildDomain (23ms)
	RebuildCommonClasses (21ms)
	RebuildNativeTypeToScriptingClass (10ms)
	initialDomainReloadingComplete (21ms)
	LoadAllAssembliesAndSetupDomain (1509ms)
		LoadAssemblies (239ms)
		RebuildTransferFunctionScriptingTraits (0ms)
		AnalyzeDomain (190ms)
			TypeCache.Refresh (131ms)
				TypeCache.ScanAssembly (120ms)
			BuildScriptInfoCaches (50ms)
			ResolveRequiredComponents (7ms)
	FinalizeReload (559ms)
		ReleaseScriptCaches (0ms)
		RebuildScriptCaches (0ms)
		SetupLoadedEditorAssemblies (474ms)
			LogAssemblyErrors (0ms)
			InitializePlatformSupportModulesInManaged (2ms)
			SetLoadedEditorAssemblies (4ms)
			BeforeProcessingInitializeOnLoad (107ms)
			ProcessInitializeOnLoadAttributes (293ms)
			ProcessInitializeOnLoadMethodAttributes (64ms)
			AfterProcessingInitializeOnLoad (3ms)
			EditorAssembliesLoaded (0ms)
		ExecutionOrderSort2 (0ms)
		AwakeInstancesAfterBackupRestoration (6ms)
Launched and connected shader compiler UnityShaderCompiler.exe after 0.02 seconds
Refreshing native plugins compatible for Editor in 2.48 ms, found 10 plugins.
Preloading 1 native plugins for Editor in 0.03 ms.
Unloading 224 Unused Serialized files (Serialized files now loaded: 0)
Unloading 7305 unused Assets / (4.5 MB). Loaded Objects now: 7981.
Memory consumption went from 187.1 MB to 182.6 MB.
Total: 6.410800 ms (FindLiveObjects: 0.673800 ms CreateObjectMapping: 0.418000 ms MarkObjects: 3.519400 ms  DeleteObjects: 1.797600 ms)

========================================================================
Received Import Request.
  Time since last request: 367645.149340 seconds.
  path: Assets/Graphics/Surroundings/Medieval_Castle/Decorations/bookshelf_1.png
  artifactKey: Guid(460556444a4e4a2498b0818c9a7dbb94) Importer(815301076,1909f56bfc062723c751e8b465ee728b)
Start importing Assets/Graphics/Surroundings/Medieval_Castle/Decorations/bookshelf_1.png using Guid(460556444a4e4a2498b0818c9a7dbb94) Importer(815301076,1909f56bfc062723c751e8b465ee728b) (PreviewImporter) -> (artifact id: 'be00aa401860822d32b4f21211b3084a') in 0.0784796 seconds
Number of updated asset objects reloaded before import = 0Number of asset objects unloaded after import = 3

========================================================================
Received Import Request.
  Time since last request: 0.019641 seconds.
  path: Assets/Graphics/Surroundings/Medieval_Castle/Decorations/Animated Decorations/candle_1/candle_1_3.png
  artifactKey: Guid(073b1a556b7897e4a95541232224b0ab) Importer(815301076,1909f56bfc062723c751e8b465ee728b)
Start importing Assets/Graphics/Surroundings/Medieval_Castle/Decorations/Animated Decorations/candle_1/candle_1_3.png using Guid(073b1a556b7897e4a95541232224b0ab) Importer(815301076,1909f56bfc062723c751e8b465ee728b) (PreviewImporter) -> (artifact id: 'a2dd5cd9161029af5c6030a974d6dd38') in 0.0072465 seconds
Number of updated asset objects reloaded before import = 0Number of asset objects unloaded after import = 3

========================================================================
Received Import Request.
  Time since last request: 0.042248 seconds.
  path: Assets/Graphics/FX/Void_Backlight/renwubaij_4.png
  artifactKey: Guid(4100a999fbe4c284bb1845ba8be0f1c5) Importer(815301076,1909f56bfc062723c751e8b465ee728b)
Start importing Assets/Graphics/FX/Void_Backlight/renwubaij_4.png using Guid(4100a999fbe4c284bb1845ba8be0f1c5) Importer(815301076,1909f56bfc062723c751e8b465ee728b) (PreviewImporter) -> (artifact id: 'bb01d74efa2b952ccc475be831294312') in 0.0170704 seconds
Number of updated asset objects reloaded before import = 0Number of asset objects unloaded after import = 3

========================================================================
Received Import Request.
  Time since last request: 1.274771 seconds.
  path: Assets/Graphics/FX/Void_Backlight/renwubaij_20.png
  artifactKey: Guid(277b82bd2ab46e240ab2fcbdd18ff279) Importer(815301076,1909f56bfc062723c751e8b465ee728b)
Start importing Assets/Graphics/FX/Void_Backlight/renwubaij_20.png using Guid(277b82bd2ab46e240ab2fcbdd18ff279) Importer(815301076,1909f56bfc062723c751e8b465ee728b) (PreviewImporter) -> (artifact id: '719e8b999053371bf802d0a534a8acdc') in 0.0335653 seconds
Number of updated asset objects reloaded before import = 0Number of asset objects unloaded after import = 3

========================================================================
Received Import Request.
  Time since last request: 1.095930 seconds.
  path: Assets/Graphics/FX/Arcane/Arcane_Bolt_2/spark-preview5.png
  artifactKey: Guid(845b0c7d24550594fbd897c613e5748f) Importer(815301076,1909f56bfc062723c751e8b465ee728b)
Start importing Assets/Graphics/FX/Arcane/Arcane_Bolt_2/spark-preview5.png using Guid(845b0c7d24550594fbd897c613e5748f) Importer(815301076,1909f56bfc062723c751e8b465ee728b) (PreviewImporter) -> (artifact id: 'af1cfd76c75b31a2d93fe75a1a69b5aa') in 0.0483991 seconds
Number of updated asset objects reloaded before import = 0Number of asset objects unloaded after import = 3

========================================================================
Received Import Request.
  Time since last request: 0.000010 seconds.
  path: Assets/Graphics/Surroundings/Medieval_Castle/Tiles/spikes.png
  artifactKey: Guid(d59ae7618ef4d6d4db94191beb72bb4b) Importer(815301076,1909f56bfc062723c751e8b465ee728b)
Start importing Assets/Graphics/Surroundings/Medieval_Castle/Tiles/spikes.png using Guid(d59ae7618ef4d6d4db94191beb72bb4b) Importer(815301076,1909f56bfc062723c751e8b465ee728b) (PreviewImporter) -> (artifact id: '76741c72d71668d25493f24cb5707b7a') in 0.0159789 seconds
Number of updated asset objects reloaded before import = 0Number of asset objects unloaded after import = 3

========================================================================
Received Import Request.
  Time since last request: 0.227375 seconds.
  path: Assets/Graphics/Surroundings/Medieval_Castle/Decorations/Animated Decorations/torch_big/torch_big_2.png
  artifactKey: Guid(3a794a58bf2128c459b7b8dfd5e34084) Importer(815301076,1909f56bfc062723c751e8b465ee728b)
Start importing Assets/Graphics/Surroundings/Medieval_Castle/Decorations/Animated Decorations/torch_big/torch_big_2.png using Guid(3a794a58bf2128c459b7b8dfd5e34084) Importer(815301076,1909f56bfc062723c751e8b465ee728b) (PreviewImporter) -> (artifact id: '0b292afd45d6e20d0a378c0422dd95b0') in 0.1803902 seconds
Number of updated asset objects reloaded before import = 0Number of asset objects unloaded after import = 3

========================================================================
Received Import Request.
  Time since last request: 0.000012 seconds.
  path: Assets/Graphics/Surroundings/Medieval_Castle/Decorations/Animated Decorations/torch_big/torch_big_background.png
  artifactKey: Guid(beb120e3af99425478b5ff3cfbdef2ec) Importer(815301076,1909f56bfc062723c751e8b465ee728b)
Start importing Assets/Graphics/Surroundings/Medieval_Castle/Decorations/Animated Decorations/torch_big/torch_big_background.png using Guid(beb120e3af99425478b5ff3cfbdef2ec) Importer(815301076,1909f56bfc062723c751e8b465ee728b) (PreviewImporter) -> (artifact id: 'c19a59ea8cd58b0f0d6cce63b268b3e9') in 0.0065778 seconds
Number of updated asset objects reloaded before import = 0Number of asset objects unloaded after import = 3

========================================================================
Received Import Request.
  Time since last request: 0.631099 seconds.
  path: Assets/Graphics/Surroundings/Medieval_Castle/Decorations/Animated Decorations/torch_small/torch_small_4.png
  artifactKey: Guid(87c3082ffef81da4ebc543d293eff479) Importer(815301076,1909f56bfc062723c751e8b465ee728b)
Start importing Assets/Graphics/Surroundings/Medieval_Castle/Decorations/Animated Decorations/torch_small/torch_small_4.png using Guid(87c3082ffef81da4ebc543d293eff479) Importer(815301076,1909f56bfc062723c751e8b465ee728b) (PreviewImporter) -> (artifact id: '683cfa63dd729b8e520a95b746a6873c') in 0.0096645 seconds
Number of updated asset objects reloaded before import = 0Number of asset objects unloaded after import = 3

========================================================================
Received Import Request.
  Time since last request: 24.650966 seconds.
  path: Assets/Graphics/Surroundings/Medieval_Castle/Decorations/potion_3.png
  artifactKey: Guid(5bd68b9bdb08e634f8f7181b4d6cf66b) Importer(815301076,1909f56bfc062723c751e8b465ee728b)
Start importing Assets/Graphics/Surroundings/Medieval_Castle/Decorations/potion_3.png using Guid(5bd68b9bdb08e634f8f7181b4d6cf66b) Importer(815301076,1909f56bfc062723c751e8b465ee728b) (PreviewImporter) -> (artifact id: '774f5532d6b703a2fd5c62d3bd9866c2') in 0.02979 seconds
Number of updated asset objects reloaded before import = 0Number of asset objects unloaded after import = 3

========================================================================
Received Import Request.
  Time since last request: 0.000010 seconds.
  path: Assets/Graphics/Surroundings/Medieval_Castle/Decorations/potions_1.png
  artifactKey: Guid(edc0a89103942e64bbf0aa32a9c01bbb) Importer(815301076,1909f56bfc062723c751e8b465ee728b)
Start importing Assets/Graphics/Surroundings/Medieval_Castle/Decorations/potions_1.png using Guid(edc0a89103942e64bbf0aa32a9c01bbb) Importer(815301076,1909f56bfc062723c751e8b465ee728b) (PreviewImporter) -> (artifact id: '29840d34d091aabf4ddc26135999e150') in 0.0232561 seconds
Number of updated asset objects reloaded before import = 0Number of asset objects unloaded after import = 3

========================================================================
Received Import Request.
  Time since last request: 0.000011 seconds.
  path: Assets/Graphics/Surroundings/Medieval_Castle/Tiles/platform_2.png
  artifactKey: Guid(47984579255a14f4187499e8cd718346) Importer(815301076,1909f56bfc062723c751e8b465ee728b)
Start importing Assets/Graphics/Surroundings/Medieval_Castle/Tiles/platform_2.png using Guid(47984579255a14f4187499e8cd718346) Importer(815301076,1909f56bfc062723c751e8b465ee728b) (PreviewImporter) -> (artifact id: '96132d6122fb52eb6dbe90312ddabddb') in 0.0384315 seconds
Number of updated asset objects reloaded before import = 0Number of asset objects unloaded after import = 3

========================================================================
Received Import Request.
  Time since last request: 0.000021 seconds.
  path: Assets/Graphics/Surroundings/Medieval_Castle/Tiles/platform_4.png
  artifactKey: Guid(3f2c973f5a4eeab4a922450edf0e4fa7) Importer(815301076,1909f56bfc062723c751e8b465ee728b)
Start importing Assets/Graphics/Surroundings/Medieval_Castle/Tiles/platform_4.png using Guid(3f2c973f5a4eeab4a922450edf0e4fa7) Importer(815301076,1909f56bfc062723c751e8b465ee728b) (PreviewImporter) -> (artifact id: 'eaf24247a25f559a04dc313fb75b5191') in 0.0039156 seconds
Number of updated asset objects reloaded before import = 0Number of asset objects unloaded after import = 3

========================================================================
Received Import Request.
  Time since last request: 0.000010 seconds.
  path: Assets/Graphics/Enemies/Night born/NightBorne_run.gif
  artifactKey: Guid(254fcd2c528ed4d41a1a108735628fbc) Importer(815301076,1909f56bfc062723c751e8b465ee728b)
Start importing Assets/Graphics/Enemies/Night born/NightBorne_run.gif using Guid(254fcd2c528ed4d41a1a108735628fbc) Importer(815301076,1909f56bfc062723c751e8b465ee728b) (PreviewImporter) -> (artifact id: '3e6e6f549eddab8896e9713696d384b9') in 0.0054486 seconds
Number of updated asset objects reloaded before import = 0Number of asset objects unloaded after import = 3

========================================================================
Received Import Request.
  Time since last request: 0.000009 seconds.
  path: Assets/Graphics/FX/Arcane/Arcane_Pulse/pulse1.png
  artifactKey: Guid(3246b0e06572aa1409edb91f87916e89) Importer(815301076,1909f56bfc062723c751e8b465ee728b)
Start importing Assets/Graphics/FX/Arcane/Arcane_Pulse/pulse1.png using Guid(3246b0e06572aa1409edb91f87916e89) Importer(815301076,1909f56bfc062723c751e8b465ee728b) (PreviewImporter) -> (artifact id: '7702d419b4b5d300f811103bef31894f') in 0.0043729 seconds
Number of updated asset objects reloaded before import = 0Number of asset objects unloaded after import = 3

========================================================================
Received Import Request.
  Time since last request: 0.198018 seconds.
  path: Assets/Graphics/Surroundings/Medieval_Castle/Tiles/lion_column_12.png
  artifactKey: Guid(cfd815d94d108c043a65641ac099daf8) Importer(815301076,1909f56bfc062723c751e8b465ee728b)
Start importing Assets/Graphics/Surroundings/Medieval_Castle/Tiles/lion_column_12.png using Guid(cfd815d94d108c043a65641ac099daf8) Importer(815301076,1909f56bfc062723c751e8b465ee728b) (PreviewImporter) -> (artifact id: 'bfb1c234dad4cc6d4f4c0af6a31aaaa0') in 0.0075174 seconds
Number of updated asset objects reloaded before import = 0Number of asset objects unloaded after import = 3

========================================================================
Received Import Request.
  Time since last request: 0.000010 seconds.
  path: Assets/Graphics/Surroundings/Medieval_Castle/Tiles/merlons_2.png
  artifactKey: Guid(14cbdc0474fdf5042992e199b73e4b55) Importer(815301076,1909f56bfc062723c751e8b465ee728b)
Start importing Assets/Graphics/Surroundings/Medieval_Castle/Tiles/merlons_2.png using Guid(14cbdc0474fdf5042992e199b73e4b55) Importer(815301076,1909f56bfc062723c751e8b465ee728b) (PreviewImporter) -> (artifact id: 'abe489498162802384a63821331e060d') in 0.0064124 seconds
Number of updated asset objects reloaded before import = 0Number of asset objects unloaded after import = 3

========================================================================
Received Import Request.
  Time since last request: 0.018842 seconds.
  path: Assets/Graphics/Surroundings/Medieval_Castle/Tiles/lion_column_1.png
  artifactKey: Guid(71ee4a1119a06ef4fb0108c30f743247) Importer(815301076,1909f56bfc062723c751e8b465ee728b)
Start importing Assets/Graphics/Surroundings/Medieval_Castle/Tiles/lion_column_1.png using Guid(71ee4a1119a06ef4fb0108c30f743247) Importer(815301076,1909f56bfc062723c751e8b465ee728b) (PreviewImporter) -> (artifact id: '1e5af68ad9abf01a456ecd0027798782') in 0.0087274 seconds
Number of updated asset objects reloaded before import = 0Number of asset objects unloaded after import = 3

========================================================================
Received Import Request.
  Time since last request: 0.000008 seconds.
  path: Assets/Graphics/Surroundings/Medieval_Castle/Tiles/lion_column_4.png
  artifactKey: Guid(78c2bd7a0d13e5649802575cbf4dcae9) Importer(815301076,1909f56bfc062723c751e8b465ee728b)
Start importing Assets/Graphics/Surroundings/Medieval_Castle/Tiles/lion_column_4.png using Guid(78c2bd7a0d13e5649802575cbf4dcae9) Importer(815301076,1909f56bfc062723c751e8b465ee728b) (PreviewImporter) -> (artifact id: 'c92feebc14d2455f27e9a9a7d397e14b') in 0.0031888 seconds
Number of updated asset objects reloaded before import = 0Number of asset objects unloaded after import = 3

========================================================================
Received Import Request.
  Time since last request: 0.000008 seconds.
  path: Assets/Graphics/FX/Hit/Hits_6/hits-6-preview2.png
  artifactKey: Guid(ac31f46bb450425468f88072baada0a2) Importer(815301076,1909f56bfc062723c751e8b465ee728b)
Start importing Assets/Graphics/FX/Hit/Hits_6/hits-6-preview2.png using Guid(ac31f46bb450425468f88072baada0a2) Importer(815301076,1909f56bfc062723c751e8b465ee728b) (PreviewImporter) -> (artifact id: 'bed3922a4c7f27eab6904ded5626379f') in 0.0073434 seconds
Number of updated asset objects reloaded before import = 0Number of asset objects unloaded after import = 3

========================================================================
Received Import Request.
  Time since last request: 0.000007 seconds.
  path: Assets/Graphics/Surroundings/Valley_Decor/lamp.png
  artifactKey: Guid(695ab07178d13d74c9094b2518e703c8) Importer(815301076,1909f56bfc062723c751e8b465ee728b)
Start importing Assets/Graphics/Surroundings/Valley_Decor/lamp.png using Guid(695ab07178d13d74c9094b2518e703c8) Importer(815301076,1909f56bfc062723c751e8b465ee728b) (PreviewImporter) -> (artifact id: '7bb9b192b664b23d986c817a1f660408') in 0.0041562 seconds
Number of updated asset objects reloaded before import = 0Number of asset objects unloaded after import = 3

========================================================================
Received Import Request.
  Time since last request: 0.000007 seconds.
  path: Assets/Graphics/Surroundings/Medieval_Castle/Background/layer_1.png
  artifactKey: Guid(be8c9daed4a4fed4cbc669e1c42e6de0) Importer(815301076,1909f56bfc062723c751e8b465ee728b)
Start importing Assets/Graphics/Surroundings/Medieval_Castle/Background/layer_1.png using Guid(be8c9daed4a4fed4cbc669e1c42e6de0) Importer(815301076,1909f56bfc062723c751e8b465ee728b) (PreviewImporter) -> (artifact id: '19504de1358aea3ed265d524f45e2777') in 0.0066802 seconds
Number of updated asset objects reloaded before import = 0Number of asset objects unloaded after import = 3

========================================================================
Received Import Request.
  Time since last request: 0.028816 seconds.
  path: Assets/Graphics/FX/Hit/Hits_2/hits-2-2.png
  artifactKey: Guid(8611a113538ac9946b11a35e465250a4) Importer(815301076,1909f56bfc062723c751e8b465ee728b)
Start importing Assets/Graphics/FX/Hit/Hits_2/hits-2-2.png using Guid(8611a113538ac9946b11a35e465250a4) Importer(815301076,1909f56bfc062723c751e8b465ee728b) (PreviewImporter) -> (artifact id: 'a0742ab092a5299d1e71b119a4923594') in 0.0083268 seconds
Number of updated asset objects reloaded before import = 0Number of asset objects unloaded after import = 3

========================================================================
Received Import Request.
  Time since last request: 0.000008 seconds.
  path: Assets/Graphics/FX/Hit/Hits_2/hits-2-6.png
  artifactKey: Guid(2bbcc765f4565b742bb906eff9762e18) Importer(815301076,1909f56bfc062723c751e8b465ee728b)
Start importing Assets/Graphics/FX/Hit/Hits_2/hits-2-6.png using Guid(2bbcc765f4565b742bb906eff9762e18) Importer(815301076,1909f56bfc062723c751e8b465ee728b) (PreviewImporter) -> (artifact id: '679c0a20d24505440002ef8a88c0a80c') in 0.004501 seconds
Number of updated asset objects reloaded before import = 0Number of asset objects unloaded after import = 3

========================================================================
Received Import Request.
  Time since last request: 0.000008 seconds.
  path: Assets/Graphics/Surroundings/Medieval_Castle/Tiles/floor_tile_wood_transition_1.png
  artifactKey: Guid(c660dbe07f0c56942af9e856a7cf802c) Importer(815301076,1909f56bfc062723c751e8b465ee728b)
Start importing Assets/Graphics/Surroundings/Medieval_Castle/Tiles/floor_tile_wood_transition_1.png using Guid(c660dbe07f0c56942af9e856a7cf802c) Importer(815301076,1909f56bfc062723c751e8b465ee728b) (PreviewImporter) -> (artifact id: 'e2c9e78e88da547161296897840485dd') in 0.0031137 seconds
Number of updated asset objects reloaded before import = 0Number of asset objects unloaded after import = 3

========================================================================
Received Import Request.
  Time since last request: 0.007269 seconds.
  path: Assets/Graphics/Surroundings/Medieval_Castle/Tiles/floor_wood_4.png
  artifactKey: Guid(80f9ef17abe22504cac3f7a5fb835db9) Importer(815301076,1909f56bfc062723c751e8b465ee728b)
Start importing Assets/Graphics/Surroundings/Medieval_Castle/Tiles/floor_wood_4.png using Guid(80f9ef17abe22504cac3f7a5fb835db9) Importer(815301076,1909f56bfc062723c751e8b465ee728b) (PreviewImporter) -> (artifact id: 'a79371bc2c0c17b93cc1a09ac9c01768') in 0.0037607 seconds
Number of updated asset objects reloaded before import = 0Number of asset objects unloaded after import = 3

========================================================================
Received Import Request.
  Time since last request: 0.132942 seconds.
  path: Assets/Graphics/Surroundings/Medieval_Castle/Tiles/floor_tile_carpet_1.png
  artifactKey: Guid(7365dce33644f064e8c1bff7c058cf2c) Importer(815301076,1909f56bfc062723c751e8b465ee728b)
Start importing Assets/Graphics/Surroundings/Medieval_Castle/Tiles/floor_tile_carpet_1.png using Guid(7365dce33644f064e8c1bff7c058cf2c) Importer(815301076,1909f56bfc062723c751e8b465ee728b) (PreviewImporter) -> (artifact id: 'd567f1de456a28ee0aece6644556b217') in 0.0046179 seconds
Number of updated asset objects reloaded before import = 0Number of asset objects unloaded after import = 3

========================================================================
Received Import Request.
  Time since last request: 0.000011 seconds.
  path: Assets/Graphics/Surroundings/Medieval_Castle/Tiles/floor_tile_carpet_4.png
  artifactKey: Guid(fdf2a184fc9b8344e82fabdfdcc989f6) Importer(815301076,1909f56bfc062723c751e8b465ee728b)
Start importing Assets/Graphics/Surroundings/Medieval_Castle/Tiles/floor_tile_carpet_4.png using Guid(fdf2a184fc9b8344e82fabdfdcc989f6) Importer(815301076,1909f56bfc062723c751e8b465ee728b) (PreviewImporter) -> (artifact id: '3f6e176b50fd53ec245fb5b958bf1842') in 0.0039005 seconds
Number of updated asset objects reloaded before import = 0Number of asset objects unloaded after import = 3

========================================================================
Received Import Request.
  Time since last request: 0.000008 seconds.
  path: Assets/Graphics/Surroundings/Medieval_Castle/Tiles/floor_tile_carpet_corner_right.png
  artifactKey: Guid(a20a063dcf71dda499e2dbe79c1dcc96) Importer(815301076,1909f56bfc062723c751e8b465ee728b)
Start importing Assets/Graphics/Surroundings/Medieval_Castle/Tiles/floor_tile_carpet_corner_right.png using Guid(a20a063dcf71dda499e2dbe79c1dcc96) Importer(815301076,1909f56bfc062723c751e8b465ee728b) (PreviewImporter) -> (artifact id: '1a88505cbfc4af6ffbdd845782c8602f') in 0.0578675 seconds
Number of updated asset objects reloaded before import = 0Number of asset objects unloaded after import = 3

========================================================================
Received Import Request.
  Time since last request: 1.715591 seconds.
  path: Assets/Graphics/Surroundings/Medieval_Castle/Tiles/brick_7.png
  artifactKey: Guid(d71019cc67aee9649908a3ec00481116) Importer(815301076,1909f56bfc062723c751e8b465ee728b)
Start importing Assets/Graphics/Surroundings/Medieval_Castle/Tiles/brick_7.png using Guid(d71019cc67aee9649908a3ec00481116) Importer(815301076,1909f56bfc062723c751e8b465ee728b) (PreviewImporter) -> (artifact id: '458f465d550cc595108c275b43465889') in 0.0074835 seconds
Number of updated asset objects reloaded before import = 0Number of asset objects unloaded after import = 3

========================================================================
Received Import Request.
  Time since last request: 0.000009 seconds.
  path: Assets/Graphics/Surroundings/Medieval_Castle/Tiles/brick_14.png
  artifactKey: Guid(5e3ab61836760cd49887fc5dc9aafcda) Importer(815301076,1909f56bfc062723c751e8b465ee728b)
Start importing Assets/Graphics/Surroundings/Medieval_Castle/Tiles/brick_14.png using Guid(5e3ab61836760cd49887fc5dc9aafcda) Importer(815301076,1909f56bfc062723c751e8b465ee728b) (PreviewImporter) -> (artifact id: '1a624084fcba2a9725e0d7fef0cbc3e6') in 0.005085 seconds
Number of updated asset objects reloaded before import = 0Number of asset objects unloaded after import = 3

========================================================================
Received Import Request.
  Time since last request: 0.000009 seconds.
  path: Assets/Graphics/Surroundings/Medieval_Castle/Decorations/Animated Decorations/candle_2/candle_2_4.png
  artifactKey: Guid(d7affef3b8f5096469c25b81a8ae2dab) Importer(815301076,1909f56bfc062723c751e8b465ee728b)
Start importing Assets/Graphics/Surroundings/Medieval_Castle/Decorations/Animated Decorations/candle_2/candle_2_4.png using Guid(d7affef3b8f5096469c25b81a8ae2dab) Importer(815301076,1909f56bfc062723c751e8b465ee728b) (PreviewImporter) -> (artifact id: '19f7066061c974b7f84c7cedcf66dd25') in 0.007676 seconds
Number of updated asset objects reloaded before import = 0Number of asset objects unloaded after import = 3

Editor requested this worker to shutdown with reason: Scaling down because of idle timeout
AssetImportWorker is now disconnected from the server
Process exiting
Exiting without the bug reporter. Application will terminate with return code 0